<?xml version="1.0" encoding="UTF-8"?>
<!-- Generated by org.testng.reporters.JUnitReportReporter -->
<testsuite skipped="0" hostname="LAPTOP-BUJ6DFDF" name="com.Fareye.main.ChromeIntialise" tests="1" failures="0" timestamp="28 May 2020 15:18:29 GMT" time="2.026" errors="0">
  <testcase name="max" time="2.026" classname="com.Fareye.main.ChromeIntialise"/>
</testsuite> <!-- com.Fareye.main.ChromeIntialise -->
