<?xml version="1.0" encoding="UTF-8"?>
<!-- Generated by org.testng.reporters.JUnitReportReporter -->
<testsuite skipped="0" hostname="LAPTOP-BUJ6DFDF" name="com.Fareye.main.BaseClass" tests="2" failures="0" timestamp="28 May 2020 14:23:45 GMT" time="0.012" errors="0">
  <testcase name="SuiteTest" time="0.004" classname="com.Fareye.main.BaseClass"/>
  <testcase name="SuiteTest" time="0.008" classname="com.Fareye.main.BaseClass"/>
</testsuite> <!-- com.Fareye.main.BaseClass -->
